<?xml version="1.0" encoding="UTF-8"?>
<!-- Generated by org.testng.reporters.JUnitXMLReporter -->
<testsuite ignored="0" hostname="Amanjeet" failures="0" tests="5" name="Test" time="60.036" errors="0" timestamp="2024-10-08T11:19:32 EDT">
  <testcase classname="testCases.TC003_LoginDDT" name="verify_loginDDT" time="15.451"/>
  <testcase classname="testCases.TC003_LoginDDT" name="verify_loginDDT" time="6.924"/>
  <testcase classname="testCases.TC003_LoginDDT" name="verify_loginDDT" time="6.828"/>
  <testcase classname="testCases.TC003_LoginDDT" name="verify_loginDDT" time="15.311"/>
  <testcase classname="testCases.TC003_LoginDDT" name="verify_loginDDT" time="7.609"/>
</testsuite> <!-- Test -->
